<?xml version="1.0" encoding="UTF-8"?>
<testsuite name="com.group.libraryapp.calculator.JunitCalculatrorTest" tests="5" skipped="0" failures="0" errors="0" timestamp="2024-02-20T13:55:43" hostname="Robb-Lee-Y17CWF43HW" time="0.035">
  <properties/>
  <testcase name="divideTest()" classname="com.group.libraryapp.calculator.JunitCalculatrorTest" time="0.03"/>
  <testcase name="addTest()" classname="com.group.libraryapp.calculator.JunitCalculatrorTest" time="0.0"/>
  <testcase name="multiplyTest()" classname="com.group.libraryapp.calculator.JunitCalculatrorTest" time="0.001"/>
  <testcase name="divideExceptionTest()" classname="com.group.libraryapp.calculator.JunitCalculatrorTest" time="0.004"/>
  <testcase name="minusTest()" classname="com.group.libraryapp.calculator.JunitCalculatrorTest" time="0.0"/>
  <system-out><![CDATA[]]></system-out>
  <system-err><![CDATA[]]></system-err>
</testsuite>
